<?xml version="1.0" encoding="UTF-8"?>
<!-- Generated by org.testng.reporters.JUnitReportReporter -->
<testsuite skipped="0" hostname="DESKTOP-ODF5BLR" name="com.cjc.fk.webapp.test.ActualTest" tests="1" failures="0" timestamp="2022-06-24T13:11:01 IST" time="6.696" errors="0">
  <testcase name="test" time="6.696" classname="com.cjc.fk.webapp.test.ActualTest"/>
  <system-out/>
</testsuite> <!-- com.cjc.fk.webapp.test.ActualTest -->
